<?xml version="1.0" encoding="UTF-8"?>
<testsuite xmlns:xsi="http://www.w3.org/2001/XMLSchema-instance" xsi:noNamespaceSchemaLocation="https://maven.apache.org/surefire/maven-surefire-plugin/xsd/surefire-test-report.xsd" name="com.wefox.payment.processor.core.service.components.OfflineAccountServiceImplTest" time="0" tests="4" errors="0" skipped="0" failures="0">
  <properties>
[...]
</properties>
  <testcase name="getAccountEmptyValue" classname="com.wefox.payment.processor.core.service.components.OfflineAccountServiceImplTest$GetAccount" time="0"/>
  <testcase name="getAccount" classname="com.wefox.payment.processor.core.service.components.OfflineAccountServiceImplTest$GetAccount" time="0"/>
  <testcase name="addNewPayments" classname="com.wefox.payment.processor.core.service.components.OfflineAccountServiceImplTest$AddNewPayments" time="0"/>
  <testcase name="addNewPaymentsWithNullPayment" classname="com.wefox.payment.processor.core.service.components.OfflineAccountServiceImplTest$AddNewPayments" time="0"/>
</testsuite>